<?xml version="1.0" encoding="UTF-8"?>
<!-- Generated by org.testng.reporters.JUnitReportReporter -->
<testsuite hostname="DESKTOP-SEKDPB4" failures="2" tests="4" name="testPack.VerifyRoomsPage" time="20.314" errors="0" timestamp="2022-10-23T08:52:40 IST" skipped="0">
  <testcase classname="testPack.VerifyRoomsPage" name="verifyReturnToMessangerButton" time="7.088">
    <failure message="The following asserts failed:
	expected [https://www.messenger.com] but found [https://www.messenger.com/],
	expected [Messenge] but found [Messenger]" type="java.lang.AssertionError">
      <![CDATA[java.lang.AssertionError: The following asserts failed:
expected [https://www.messenger.com] but found [https://www.messenger.com/],
expected [Messenge] but found [Messenger]
at org.testng.asserts.SoftAssert.assertAll(SoftAssert.java:47)
at org.testng.asserts.SoftAssert.assertAll(SoftAssert.java:31)
at testPack.VerifyRoomsPage.verifyReturnToMessangerButton(VerifyRoomsPage.java:85)
at java.base/jdk.internal.reflect.DirectMethodHandleAccessor.invoke(DirectMethodHandleAccessor.java:104)
at java.base/java.lang.reflect.Method.invoke(Method.java:577)
at org.testng.internal.MethodInvocationHelper.invokeMethod(MethodInvocationHelper.java:133)
at org.testng.internal.TestInvoker.invokeMethod(TestInvoker.java:598)
at org.testng.internal.TestInvoker.invokeTestMethod(TestInvoker.java:173)
at org.testng.internal.MethodRunner.runInSequence(MethodRunner.java:46)
at org.testng.internal.TestInvoker$MethodInvocationAgent.invoke(TestInvoker.java:824)
at org.testng.internal.TestInvoker.invokeTestMethods(TestInvoker.java:146)
at org.testng.internal.TestMethodWorker.invokeTestMethods(TestMethodWorker.java:146)
at org.testng.internal.TestMethodWorker.run(TestMethodWorker.java:128)
at java.base/java.util.concurrent.ThreadPoolExecutor.runWorker(ThreadPoolExecutor.java:1136)
at java.base/java.util.concurrent.ThreadPoolExecutor$Worker.run(ThreadPoolExecutor.java:635)
at java.base/java.lang.Thread.run(Thread.java:833)
]]>
    </failure>
  </testcase> <!-- verifyReturnToMessangerButton -->
  <system-out/>
  <testcase classname="testPack.VerifyRoomsPage" name="verifyReturnToMessangerButton" time="5.133">
    <failure message="The following asserts failed:
	expected [https://www.messenger.com] but found [https://www.messenger.com/],
	expected [Messenge] but found [Messenger]" type="java.lang.AssertionError">
      <![CDATA[java.lang.AssertionError: The following asserts failed:
expected [https://www.messenger.com] but found [https://www.messenger.com/],
expected [Messenge] but found [Messenger]
at org.testng.asserts.SoftAssert.assertAll(SoftAssert.java:47)
at org.testng.asserts.SoftAssert.assertAll(SoftAssert.java:31)
at testPack.VerifyRoomsPage.verifyReturnToMessangerButton(VerifyRoomsPage.java:85)
at java.base/jdk.internal.reflect.DirectMethodHandleAccessor.invoke(DirectMethodHandleAccessor.java:104)
at java.base/java.lang.reflect.Method.invoke(Method.java:577)
at org.testng.internal.MethodInvocationHelper.invokeMethod(MethodInvocationHelper.java:133)
at org.testng.internal.TestInvoker.invokeMethod(TestInvoker.java:598)
at org.testng.internal.TestInvoker.invokeTestMethod(TestInvoker.java:173)
at org.testng.internal.MethodRunner.runInSequence(MethodRunner.java:46)
at org.testng.internal.TestInvoker$MethodInvocationAgent.invoke(TestInvoker.java:824)
at org.testng.internal.TestInvoker.invokeTestMethods(TestInvoker.java:146)
at org.testng.internal.TestMethodWorker.invokeTestMethods(TestMethodWorker.java:146)
at org.testng.internal.TestMethodWorker.run(TestMethodWorker.java:128)
at java.base/java.util.concurrent.ThreadPoolExecutor.runWorker(ThreadPoolExecutor.java:1136)
at java.base/java.util.concurrent.ThreadPoolExecutor$Worker.run(ThreadPoolExecutor.java:635)
at java.base/java.lang.Thread.run(Thread.java:833)
]]>
    </failure>
  </testcase> <!-- verifyReturnToMessangerButton -->
  <system-out/>
  <testcase classname="testPack.VerifyRoomsPage" name="verifyContactToHelpCenter" time="4.971"/>
  <system-out/>
  <testcase classname="testPack.VerifyRoomsPage" name="verifyContactToHelpCenter" time="3.122"/>
  <system-out/>
</testsuite> <!-- testPack.VerifyRoomsPage -->
