<?xml version="1.0" encoding="UTF-8"?>
<!-- Generated by org.testng.reporters.JUnitReportReporter -->
<testsuite hostname="DESKTOP-SEKDPB4" failures="0" tests="4" name="testPack.TestNGClass2" time="0.017" errors="0" timestamp="2022-10-21T08:56:18 IST" skipped="0">
  <testcase classname="testPack.TestNGClass2" name="testB" time="0.002"/>
  <system-out/>
  <testcase classname="testPack.TestNGClass2" name="testB" time="0.003"/>
  <system-out/>
  <testcase classname="testPack.TestNGClass2" name="testA" time="0.010"/>
  <system-out/>
  <testcase classname="testPack.TestNGClass2" name="testA" time="0.002"/>
  <system-out/>
</testsuite> <!-- testPack.TestNGClass2 -->
