<?xml version="1.0" encoding="UTF-8"?>
<!-- Generated by org.testng.reporters.JUnitReportReporter -->
<testsuite hostname="DESKTOP-SEKDPB4" failures="0" tests="4" name="testPack.TestNGClass" time="0.007" errors="0" timestamp="2022-10-21T08:56:18 IST" skipped="0">
  <testcase classname="testPack.TestNGClass" name="test3" time="0.002"/>
  <system-out/>
  <testcase classname="testPack.TestNGClass" name="test3" time="0.001"/>
  <system-out/>
  <testcase classname="testPack.TestNGClass" name="test4" time="0.002"/>
  <system-out/>
  <testcase classname="testPack.TestNGClass" name="test4" time="0.002"/>
  <system-out/>
</testsuite> <!-- testPack.TestNGClass -->
