<?xml version="1.0" encoding="UTF-8"?>
<!-- Generated by org.testng.reporters.JUnitReportReporter -->
<testsuite hostname="DESKTOP-SEKDPB4" failures="0" tests="2" name="testPack.TestClass" time="7.532" errors="0" timestamp="2022-10-12T09:00:36 IST" skipped="0">
  <testcase classname="testPack.TestClass" name="test1" time="5.249"/>
  <system-out/>
  <testcase classname="testPack.TestClass" name="test2" time="2.283"/>
  <system-out/>
</testsuite> <!-- testPack.TestClass -->
